2024-10-17 17:38:12,273 : 200 : user - {'id': 1, 'keka_id': '38232', 'clock_in_time': '2024-10-16T06:51:21', 'clock_out_time': '2024-10-16T15:02:34'}
2024-10-17 17:38:13,086 : 200 : user - {'id': 2, 'keka_id': '2567', 'clock_in_time': '2024-10-16T09:38:57', 'clock_out_time': '2024-10-16T22:56:48'}
2024-10-17 17:38:13,822 : 200 : user - {'id': 3, 'keka_id': '37327', 'clock_in_time': '2024-10-16T08:29:55', 'clock_out_time': '2024-10-16T16:30:21'}
2024-10-17 17:38:14,558 : 200 : user - {'id': 4, 'keka_id': '11010', 'clock_in_time': '2024-10-16T08:33:56', 'clock_out_time': '2024-10-16T19:30:21'}
2024-10-17 17:38:14,837 : 200 - {"data":{"logsReceived":2,"logsAccepted":2},"succeeded":true} : payload - 
        [
            
            {
                "DeviceIdentifier": "648f6f6a-1edb-42fa-9f4a-3afaf254afdd",
                "EmployeeAttendanceNumber": "38232",
                "Timestamp": "2024-10-16T06:51:21",
                "Status": 0
            }, 
            {
                "DeviceIdentifier": "648f6f6a-1edb-42fa-9f4a-3afaf254afdd",
                "EmployeeAttendanceNumber": "38232",
                "Timestamp": "2024-10-16T15:02:34",
                "Status": 1
            }
        ]
        
2024-10-17 17:38:15,100 : 200 - {"data":{"logsReceived":2,"logsAccepted":2},"succeeded":true} : payload - 
        [
            
            {
                "DeviceIdentifier": "648f6f6a-1edb-42fa-9f4a-3afaf254afdd",
                "EmployeeAttendanceNumber": "2567",
                "Timestamp": "2024-10-16T09:38:57",
                "Status": 0
            }, 
            {
                "DeviceIdentifier": "648f6f6a-1edb-42fa-9f4a-3afaf254afdd",
                "EmployeeAttendanceNumber": "2567",
                "Timestamp": "2024-10-16T22:56:48",
                "Status": 1
            }
        ]
        
2024-10-17 17:38:15,391 : 200 - {"data":{"logsReceived":2,"logsAccepted":2},"succeeded":true} : payload - 
        [
            
            {
                "DeviceIdentifier": "648f6f6a-1edb-42fa-9f4a-3afaf254afdd",
                "EmployeeAttendanceNumber": "37327",
                "Timestamp": "2024-10-16T08:29:55",
                "Status": 0
            }, 
            {
                "DeviceIdentifier": "648f6f6a-1edb-42fa-9f4a-3afaf254afdd",
                "EmployeeAttendanceNumber": "37327",
                "Timestamp": "2024-10-16T16:30:21",
                "Status": 1
            }
        ]
        
2024-10-17 17:38:15,640 : 200 - {"data":{"logsReceived":2,"logsAccepted":2},"succeeded":true} : payload - 
        [
            
            {
                "DeviceIdentifier": "648f6f6a-1edb-42fa-9f4a-3afaf254afdd",
                "EmployeeAttendanceNumber": "11010",
                "Timestamp": "2024-10-16T08:33:56",
                "Status": 0
            }, 
            {
                "DeviceIdentifier": "648f6f6a-1edb-42fa-9f4a-3afaf254afdd",
                "EmployeeAttendanceNumber": "11010",
                "Timestamp": "2024-10-16T19:30:21",
                "Status": 1
            }
        ]
        
